2019-04-16T11:15:52.125Z - normal: Load ~/.CocosCreator/settings.json
2019-04-16T11:15:53.379Z - normal: Initializing Asset Database
2019-04-16T11:15:53.394Z - normal: checking language setting...
2019-04-16T11:15:53.394Z - normal: Language: zh
2019-04-16T11:15:58.553Z - success: preview server running at http://localhost:7456
2019-04-16T11:15:58.557Z - success: protocol editor-framework registered
2019-04-16T11:15:58.558Z - success: protocol app registered
2019-04-16T11:15:58.558Z - success: protocol theme registered
2019-04-16T11:15:58.558Z - success: protocol packages registered
2019-04-16T11:15:58.560Z - success: protocol uuid registerred
2019-04-16T11:15:58.561Z - success: protocol db registerred
2019-04-16T11:15:58.561Z - success: protocol thumbnail registerred
2019-04-16T11:15:58.562Z - success: protocol unpack registerred
2019-04-16T11:15:58.562Z - success: protocol disable-commonjs registerred
2019-04-16T11:15:58.888Z - normal: connected!
2019-04-16T11:15:58.889Z - normal: Check project D:\Workspaces_CocosCreator\leyou
2019-04-16T11:15:58.892Z - normal: Initializing project D:\Workspaces_CocosCreator\leyou
2019-04-16T11:16:00.612Z - normal: Initializing Cocos2d
2019-04-16T11:16:05.801Z - normal: Initializing engine extends
2019-04-16T11:16:07.418Z - success: asset-db-debugger loaded
2019-04-16T11:16:07.421Z - success: baidu-adapter loaded
2019-04-16T11:16:07.560Z - success: code-editor loaded
2019-04-16T11:16:07.565Z - success: color-picker loaded
2019-04-16T11:16:08.014Z - success: fb-audience-network loaded
2019-04-16T11:16:08.701Z - success: fb-live-stream loaded
2019-04-16T11:16:08.735Z - success: google-play-instant loaded
2019-04-16T11:16:08.808Z - success: huawei-runtime loaded
2019-04-16T11:16:08.809Z - success: jsb-adapter loaded
2019-04-16T11:16:08.885Z - success: oppo-runtime loaded
2019-04-16T11:16:08.926Z - success: package-manager loaded
2019-04-16T11:16:09.894Z - success: qqplay-adapter loaded
2019-04-16T11:16:09.927Z - success: runtime-dev-tools loaded
2019-04-16T11:16:09.972Z - success: sdkbox loaded
2019-04-16T11:16:09.979Z - success: tester loaded
2019-04-16T11:16:09.992Z - success: ui-grid loaded
2019-04-16T11:16:10.028Z - success: ui-kit-preview-extra loaded
2019-04-16T11:16:10.053Z - success: ui-kit-preview loaded
2019-04-16T11:16:10.056Z - success: ui-kit loaded
2019-04-16T11:16:10.059Z - success: ui-tree loaded
2019-04-16T11:16:10.152Z - success: vivo-runtime loaded
2019-04-16T11:16:10.154Z - success: weapp-adapter loaded
2019-04-16T11:16:10.211Z - success: assets loaded
2019-04-16T11:16:10.214Z - success: builder loaded
2019-04-16T11:16:14.172Z - success: cocos-services loaded
2019-04-16T11:16:14.227Z - success: console loaded
2019-04-16T11:16:14.322Z - success: fb-instant-games loaded
2019-04-16T11:16:14.324Z - success: google-instant-games loaded
2019-04-16T11:16:14.378Z - success: hierarchy loaded
2019-04-16T11:16:14.421Z - success: inspector loaded
2019-04-16T11:16:14.493Z - success: keystore loaded
2019-04-16T11:16:14.620Z - success: node-library loaded
2019-04-16T11:16:14.715Z - success: package-asset loaded
2019-04-16T11:16:14.734Z - success: preferences loaded
2019-04-16T11:16:14.812Z - success: project-exporter loaded
2019-04-16T11:16:14.867Z - success: project-importer loaded
2019-04-16T11:16:14.872Z - success: project-settings loaded
2019-04-16T11:16:15.172Z - success: scene loaded
2019-04-16T11:16:15.236Z - success: simulator-debugger loaded
2019-04-16T11:16:15.304Z - success: sprite-editor loaded
2019-04-16T11:16:15.408Z - success: store loaded
2019-04-16T11:16:15.471Z - success: timeline loaded
2019-04-16T11:16:15.478Z - success: bitmap-font loaded
2019-04-16T11:16:18.224Z - info: Cocos Services load base data!
2019-04-16T11:16:37.754Z - normal: Loading packages
2019-04-16T11:16:37.762Z - normal: Watching packages
2019-04-16T11:16:40.195Z - normal: Run Application
2019-04-16T14:22:43.636Z - failed: [db-task][sync-changes] Failed to import asset D:\Workspaces_CocosCreator\leyou\assets\scripts\components\GameNN.js, message: Compile error: TypeError: D:/Workspaces_CocosCreator/leyou/assets/scripts/components/GameNN.js: Duplicate declaration "player"
  104 |             //"grab_array": ["31", "18"],
  105 |             data.data.forEach(player => {
> 106 |                 const player = th.getPlayerById(player.account_id);
      |                       ^
  107 |                 //const index = th.getLocalIndex(player.serial_num - 1);
  108 |                 //this.componentSeats[index].doBlink();
  109 |                 cc.log("============================startBet:", player);
    at File.buildCodeFrameError (D:\CocosCreator2.0.9\resources\app.asar\node_modules\babel-core\lib\transformation\file\index.js:431:15)
    at Scope.checkBlockScopedCollisions (D:\CocosCreator2.0.9\resources\app.asar\node_modules\babel-traverse\lib\scope\index.js:398:27)
    at Scope.registerBinding (D:\CocosCreator2.0.9\resources\app.asar\node_modules\babel-traverse\lib\scope\index.js:592:16)
    at Scope.registerDeclaration (D:\CocosCreator2.0.9\resources\app.asar\node_modules\babel-traverse\lib\scope\index.js:496:14)
    at Object.BlockScoped (D:\CocosCreator2.0.9\resources\app.asar\node_modules\babel-traverse\lib\scope\index.js:244:28)
    at Object.newFn (D:\CocosCreator2.0.9\resources\app.asar\node_modules\babel-traverse\lib\visitors.js:318:17)
    at NodePath._call (D:\CocosCreator2.0.9\resources\app.asar\node_modules\babel-traverse\lib\path\context.js:76:18)
    at NodePath.call (D:\CocosCreator2.0.9\resources\app.asar\node_modules\babel-traverse\lib\path\context.js:44:14)
    at NodePath.visit (D:\CocosCreator2.0.9\resources\app.asar\node_modules\babel-traverse\lib\path\context.js:105:12)
    at TraversalContext.visitQueue (D:\CocosCreator2.0.9\resources\app.asar\node_modules\babel-traverse\lib\context.js:150:16)
2019-04-16T15:21:53.027Z - normal: Start building with options : {
  "actualPlatform": "web-mobile",
  "android-instant": {
    "REMOTE_SERVER_ROOT": "",
    "host": "",
    "pathPattern": "",
    "recordPath": "",
    "scheme": "https",
    "skipRecord": false
  },
  "apiLevel": "",
  "appABIs": [],
  "appBundle": false,
  "baidugame": {
    "REMOTE_SERVER_ROOT": "",
    "appid": "testappid",
    "orientation": "portrait",
    "subContext": ""
  },
  "buildPath": "D:\\Workspaces_CocosCreator\\leyou\\build",
  "debug": false,
  "dest": "D:\\Workspaces_CocosCreator\\leyou\\build\\web-mobile",
  "embedWebDebugger": false,
  "encryptJs": true,
  "excludeScenes": [],
  "excludedModules": [],
  "fb-instant-games": {},
  "includeSDKBox": false,
  "inlineSpriteFrames": true,
  "inlineSpriteFrames_native": true,
  "md5Cache": true,
  "mergeStartScene": false,
  "optimizeHotUpdate": false,
  "orientation": {
    "landscapeLeft": true,
    "landscapeRight": true,
    "portrait": false,
    "upsideDown": false
  },
  "packageName": "org.cocos2d.helloworld",
  "platform": "web-mobile",
  "previewHeight": "720",
  "previewWidth": "1280",
  "qqplay": {
    "REMOTE_SERVER_ROOT": "",
    "orientation": "portrait",
    "zip": false
  },
  "scenes": [
    "2d2f792f-a40c-49bb-a189-ed176a246e49",
    "f27bd7be-6ddd-4428-8210-01720f30c4ef",
    "8608a04d-802a-4813-a44e-502c70de13b0"
  ],
  "sourceMaps": false,
  "startScene": "2d2f792f-a40c-49bb-a189-ed176a246e49",
  "template": "link",
  "title": "leyou",
  "useDebugKeystore": true,
  "vsVersion": "auto",
  "webOrientation": "portrait",
  "wechatgame": {
    "REMOTE_SERVER_ROOT": "",
    "appid": "wx6ac3f5090a6b99c5",
    "orientation": "portrait",
    "subContext": ""
  },
  "xxteaKey": "b2af0eb4-8086-48",
  "zipCompressJs": true,
  "project": "D:\\Workspaces_CocosCreator\\leyou",
  "projectName": "leyou",
  "debugBuildWorker": false
}
2019-04-16T15:21:53.030Z - normal: Building D:\Workspaces_CocosCreator\leyou
2019-04-16T15:21:53.031Z - normal: Destination D:\Workspaces_CocosCreator\leyou\build\web-mobile
2019-04-16T15:21:53.439Z - normal: Delete D:\Workspaces_CocosCreator\leyou\build\web-mobile\subpackages/**/*,D:\Workspaces_CocosCreator\leyou\build\web-mobile\**\*
2019-04-16T15:21:57.695Z - normal: Start building assets
2019-04-16T15:21:57.695Z - normal: Start spawn build-worker
2019-04-16T15:21:58.690Z - normal: Finish spawn build-worker
2019-04-16T15:21:58.690Z - normal: Start init build-worker
2019-04-16T15:22:02.633Z - normal: Finish init build-worker
2019-04-16T15:22:02.633Z - normal: Start build-assets in worker
2019-04-16T15:22:06.251Z - normal: Finish build-assets in worker
2019-04-16T15:22:06.261Z - normal: Finish building assets
2019-04-16T15:22:06.448Z - normal: Start building plugin scripts
2019-04-16T15:22:06.489Z - normal: Generating main.js from D:\CocosCreator2.0.9\resources\static\build-templates\shares\main.js
2019-04-16T15:22:06.515Z - normal: Generating html from D:\CocosCreator2.0.9\resources\static\build-templates\web-mobile\template\index.html
2019-04-16T15:22:07.597Z - normal: Built to "D:\Workspaces_CocosCreator\leyou\build\web-mobile" successfully
